\BOOKMARK [1][-]{section*.2}{\376\377\001\056\000v\000a\000d\000a\000s}{}% 1
\BOOKMARK [1][-]{section.1}{\376\377\001\140\000e\000l\000o\000\040\000r\000i\000k\000i\000a\000v\000i\000m\000o\000\040\000a\000l\000g\000o\000r\000i\000t\000m\000a\000s}{}% 2
\BOOKMARK [2][-]{subsection.1.1}{\376\377\001\140\000e\000l\000o\000\040\000r\000i\000k\000i\000a\000v\000i\000m\000o\000\040\000a\000l\000g\000o\000r\000i\000t\000m\000o\000\040\000s\000p\000a\000r\000t\000a}{section.1}% 3
\BOOKMARK [3][-]{subsubsection.1.1.1}{\376\377\000V\000e\000i\000k\000i\000m\000o\000\040\000g\000r\000e\000i\000t\000i\000s\000\040\000p\000r\000i\000k\000l\000a\000u\000s\000o\000m\000a\000i\000\040\000n\000u\000o\000\040\000d\000u\000o\000m\000e\000n\001\163\000\040\000d\000y\000d\001\176\000i\000o}{subsection.1.1}% 4
\BOOKMARK [3][-]{subsubsection.1.1.2}{\376\377\000V\000e\000i\000k\000i\000m\000o\000\040\000g\000r\000e\000i\000t\000i\000s\000\040\000p\000r\000i\000k\000l\000a\000u\000s\000o\000m\000a\000i\000\040\000n\000u\000o\000\040\000d\000u\000o\000m\000e\000n\001\163\000\040\000s\000p\000e\000c\000i\000f\000i\000k\000o\000s}{subsection.1.1}% 5
\BOOKMARK [2][-]{subsection.1.2}{\376\377\001\140\000e\000l\000o\000\040\000r\000i\000k\000i\000a\000v\000i\000m\000o\000\040\000a\000l\000g\000o\000r\000i\000t\000m\000o\000\040\000v\000e\000r\000s\000i\000j\000o\000s}{section.1}% 6
\BOOKMARK [3][-]{subsubsection.1.2.1}{\376\377\000V\000a\000d\000o\000v\001\027\000l\000i\000n\000i\000s\000\040\001\140\000e\000l\000o\000\040\000r\000i\000k\000i\000a\000v\000i\000m\000o\000\040\000a\000l\000g\000o\000r\000i\000t\000m\000a\000s}{subsection.1.2}% 7
\BOOKMARK [3][-]{subsubsection.1.2.2}{\376\377\000P\000a\000t\000o\000b\000u\000l\000i\000n\000t\000a\000s\000\040\001\140\000e\000l\000o\000\040\000r\000i\000k\000i\000a\000v\000i\000m\000o\000\040\000a\000l\000g\000o\000r\000i\000t\000m\000a\000s}{subsection.1.2}% 8
\BOOKMARK [1][-]{section.2}{\376\377\000T\000a\000r\000p\001\163\000\040\000s\000e\000k\001\163\000\040\000e\000f\000e\000k\000t\000y\000v\000u\000m\000o\000\040\000k\000r\000i\000t\000e\000r\000i\000j\001\163\000\040\000n\000u\000s\000t\000a\000t\000y\000m\000a\000s}{}% 9
\BOOKMARK [1][-]{section.3}{\376\377\000T\000a\000r\000p\001\163\000\040\000s\000e\000k\001\163\000\040\000g\000e\000n\000e\000r\000a\000v\000i\000m\000a\000s}{}% 10
\BOOKMARK [2][-]{subsection.3.1}{\376\377\000G\000e\000n\000e\000t\000i\000n\000i\000a\000i\000\040\000a\000l\000g\000o\000r\000i\000t\000m\000a\000i}{section.3}% 11
\BOOKMARK [2][-]{subsection.3.2}{\376\377\000T\000r\000u\000m\000p\001\163\000\040\000t\000a\000r\000p\001\163\000\040\000s\000e\000k\001\163\000\040\000g\000e\000n\000e\000r\000a\000v\000i\000m\000a\000s}{section.3}% 12
\BOOKMARK [2][-]{subsection.3.3}{\376\377\000V\000i\000d\000u\000t\000i\000n\000i\000o\000\040\000i\000l\000g\000i\000o\000\040\000t\000a\000r\000p\001\163\000\040\000s\000e\000k\001\163\000\040\000g\000e\000n\000e\000r\000a\000v\000i\000m\000a\000s}{section.3}% 13
\BOOKMARK [1][-]{section.4}{\376\377\000E\000k\000s\000p\000e\000r\000i\000m\000e\000n\000t\001\163\000\040\000v\000y\000k\000d\000y\000m\000o\000\040\000a\000p\000l\000i\000n\000k\000o\000s\000\040\000p\000a\000r\000u\000o\001\141\000i\000m\000a\000s}{}% 14
\BOOKMARK [1][-]{section.5}{\376\377\000T\000a\000r\000p\001\163\000\040\000s\000e\000k\001\163\000\040\000e\000f\000e\000k\000t\000y\000v\000u\000m\000o\000\040\001\057\000v\000e\000r\000t\000i\000n\000i\000m\000a\000s}{}% 15
\BOOKMARK [2][-]{subsection.5.1}{\376\377\000T\000r\000u\000m\000p\001\163\000\040\000t\000a\000r\000p\001\163\000\040\000s\000e\000k\001\163\000\040\000e\000f\000e\000k\000t\000y\000v\000u\000m\000o\000\040\001\057\000v\000e\000r\000t\000i\000n\000i\000m\000a\000s}{section.5}% 16
\BOOKMARK [3][-]{subsubsection.5.1.1}{\376\377\000E\000f\000e\000k\000t\000y\000v\000u\000m\000o\000\040\000t\000y\000r\000i\000m\000a\000s\000\040\000n\000a\000u\000d\000o\000j\000a\000n\000t\000\040\000v\000a\000d\000o\000v\001\027\000l\000i\000n\001\057\000\040\001\140\000e\000l\000o\000\040\000a\000l\000g\000o\000r\000i\000t\000m\001\005}{subsection.5.1}% 17
\BOOKMARK [3][-]{subsubsection.5.1.2}{\376\377\000E\000f\000e\000k\000t\000y\000v\000u\000m\000o\000\040\000t\000y\000r\000i\000m\000a\000s\000\040\000n\000a\000u\000d\000o\000j\000a\000n\000t\000\040\000p\000a\000t\000o\000b\000u\000l\000i\000n\000t\001\005\000\040\001\140\000e\000l\000o\000\040\000a\000l\000g\000o\000r\000i\000t\000m\001\005}{subsection.5.1}% 18
\BOOKMARK [3][-]{subsubsection.5.1.3}{\376\377\000G\000a\000u\000t\001\163\000\040\000r\000e\000z\000u\000l\000t\000a\000t\001\163\000\040\000a\000p\000i\000b\000e\000n\000d\000r\000i\000n\000i\000m\000a\000s}{subsection.5.1}% 19
\BOOKMARK [2][-]{subsection.5.2}{\376\377\000V\000i\000d\000u\000t\000i\000n\000i\000o\000\040\000i\000l\000g\000i\000o\000\040\000t\000a\000r\000p\001\163\000\040\000s\000e\000k\001\163\000\040\000e\000f\000e\000k\000t\000y\000v\000u\000m\000o\000\040\001\057\000v\000e\000r\000t\000i\000n\000i\000m\000a\000s}{section.5}% 20
\BOOKMARK [3][-]{subsubsection.5.2.1}{\376\377\000E\000f\000e\000k\000t\000y\000v\000u\000m\000o\000\040\000t\000y\000r\000i\000m\000a\000s\000\040\000n\000a\000u\000d\000o\000j\000a\000n\000t\000\040\000v\000a\000d\000o\000v\001\027\000l\000i\000n\001\057\000\040\001\140\000e\000l\000o\000\040\000a\000l\000g\000o\000r\000i\000t\000m\001\005}{subsection.5.2}% 21
\BOOKMARK [3][-]{subsubsection.5.2.2}{\376\377\000E\000f\000e\000k\000t\000y\000v\000u\000m\000o\000\040\000t\000y\000r\000i\000m\000a\000s\000\040\000n\000a\000u\000d\000o\000j\000a\000n\000t\000\040\000p\000a\000t\000o\000b\000u\000l\000i\000n\000t\001\005\000\040\001\140\000e\000l\000o\000\040\000a\000l\000g\000o\000r\000i\000t\000m\001\005}{subsection.5.2}% 22
\BOOKMARK [3][-]{subsubsection.5.2.3}{\376\377\000G\000a\000u\000t\001\163\000\040\000r\000e\000z\000u\000l\000t\000a\000t\001\163\000\040\000a\000p\000i\000b\000e\000n\000d\000r\000i\000n\000i\000m\000a\000s}{subsection.5.2}% 23
\BOOKMARK [1][-]{section*.15}{\376\377\000I\001\141\000v\000a\000d\000o\000s}{}% 24
\BOOKMARK [1][-]{section*.16}{\376\377\000L\000i\000t\000e\000r\000a\000t\001\153\000r\000a}{}% 25
