\BOOKMARK [1][-]{section*.2}{\376\377\001\056\000v\000a\000d\000a\000s}{}% 1
\BOOKMARK [1][-]{section.1}{\376\377\001\140\000e\000l\000o\000\040\000a\000l\000g\000o\000r\000i\000t\000m\000a\000s\000\040\000i\000r\000\040\000j\000o\000\040\000v\000a\000r\000i\000a\000n\000t\000a\000i}{}% 2
\BOOKMARK [2][-]{subsection.1.1}{\376\377\001\140\000e\000l\000o\000\040\000a\000l\000g\000o\000r\000i\000t\000m\000a\000s}{section.1}% 3
\BOOKMARK [2][-]{subsection.1.2}{\376\377\001\140\000e\000l\000o\000\040\000a\000l\000g\000o\000r\000i\000t\000m\000o\000\040\000v\000a\000r\000i\000a\000n\000t\000a\000i}{section.1}% 4
\BOOKMARK [1][-]{section.2}{\376\377\000G\000e\000n\000e\000t\000i\000n\000i\000a\000i\000\040\000a\000l\000g\000o\000r\000i\000t\000m\000a\000i}{}% 5
\BOOKMARK [2][-]{subsection.2.1}{\376\377\000C\000h\000r\000o\000m\000o\000s\000o\000m\001\163\000\040\000p\000o\000p\000u\000l\000i\000a\000c\000i\000j\000a}{section.2}% 6
\BOOKMARK [2][-]{subsection.2.2}{\376\377\000G\000e\000n\000e\000t\000i\000n\000i\000a\000i\000\040\000o\000p\000e\000r\000a\000t\000o\000r\000i\000a\000i}{section.2}% 7
\BOOKMARK [1][-]{section.3}{\376\377\001\140\000e\000l\000o\000\040\000a\000l\000g\000o\000r\000i\000t\000m\000o\000\040\000v\000a\000r\000i\000a\000n\000t\001\163\000\040\000e\000f\000e\000k\000t\000y\000v\000u\000m\000o\000\040\000k\000r\000i\000t\000e\000r\000i\000j\000a\000i}{}% 8
\BOOKMARK [1][-]{section.4}{\376\377\001\140\000e\000l\000o\000\040\000a\000l\000g\000o\000r\000i\000t\000m\000o\000\040\000v\000a\000r\000i\000a\000n\000t\001\163\000\040\000g\000e\000n\000e\000r\000a\000v\000i\000m\000o\000\040\000a\000p\000l\000i\000n\000k\000o\000s\000\040\000p\000a\000r\000u\000o\001\141\000i\000m\000a\000s}{}% 9
\BOOKMARK [1][-]{section.5}{\376\377\001\140\000e\000l\000o\000\040\000a\000l\000g\000o\000r\000i\000t\000m\000o\000\040\000v\000a\000r\000i\000a\000n\000t\001\163\000\040\000g\000e\000n\000e\000r\000a\000v\000i\000m\000a\000s}{}% 10
\BOOKMARK [2][-]{subsection.5.1}{\376\377\000G\000e\000n\000e\000t\000i\000n\000i\000s\000\040\000a\000l\000g\000o\000r\000i\000t\000m\000a\000s}{section.5}% 11
\BOOKMARK [2][-]{subsection.5.2}{\376\377\001\140\000e\000l\000o\000\040\000a\000l\000g\000o\000r\000i\000t\000m\000o\000\040\000v\000a\000r\000i\000a\000n\000t\001\163\000\040\000g\000e\000n\000e\000r\000a\000v\000i\000m\000a\000s\000,\000\040\000k\000a\000i\000\040\000N\000\040\000=\000\040\0001\0000\0000\0000}{section.5}% 12
\BOOKMARK [2][-]{subsection.5.3}{\376\377\001\140\000e\000l\000o\000\040\000a\000l\000g\000o\000r\000i\000t\000m\000o\000\040\000v\000a\000r\000i\000a\000n\000t\001\163\000\040\000g\000e\000n\000e\000r\000a\000v\000i\000m\000a\000s\000,\000\040\000k\000a\000i\000\040\000N\000\040\000=\000\040\0001\0000\0000\0000\0000\0000}{section.5}% 13
\BOOKMARK [1][-]{section.6}{\376\377\001\140\000e\000l\000o\000\040\000a\000l\000g\000o\000r\000i\000t\000m\000o\000\040\000v\000a\000r\000i\000a\000n\000t\001\163\000\040\000e\000f\000e\000k\000t\000y\000v\000u\000m\000o\000\040\000t\000y\000r\000i\000m\000o\000\040\000a\000p\000l\000i\000n\000k\000o\000s\000\040\000p\000a\000r\000u\000o\001\141\000i\000m\000a\000s}{}% 14
\BOOKMARK [1][-]{section.7}{\376\377\001\140\000e\000l\000o\000\040\000a\000l\000g\000o\000r\000i\000t\000m\000o\000\040\000v\000a\000r\000i\000a\000n\000t\001\163\000\040\000e\000f\000e\000k\000t\000y\000v\000u\000m\000o\000\040\000t\000y\000r\000i\000m\000a\000s}{}% 15
\BOOKMARK [2][-]{subsection.7.1}{\376\377\000E\000f\000e\000k\000t\000y\000v\000u\000m\000o\000\040\000t\000y\000r\000i\000m\000o\000\040\000m\000e\000t\000o\000d\000i\000k\000a}{section.7}% 16
\BOOKMARK [2][-]{subsection.7.2}{\376\377\001\140\000e\000l\000o\000\040\000a\000l\000g\000o\000r\000i\000t\000m\000o\000\040\000v\000a\000r\000i\000a\000n\000t\001\163\000\040\000e\000f\000e\000k\000t\000y\000v\000u\000m\000o\000\040\000t\000y\000r\000i\000m\000a\000s\000,\000\040\000k\000a\000i\000\040\000N\000\040\0001\0000\0000\0000}{section.7}% 17
\BOOKMARK [3][-]{subsubsection.7.2.1}{\376\377\000T\000y\000r\000i\000m\000o\000\040\000r\000e\000z\000u\000l\000t\000a\000t\000a\000i}{subsection.7.2}% 18
\BOOKMARK [2][-]{subsection.7.3}{\376\377\001\140\000e\000l\000o\000\040\000a\000l\000g\000o\000r\000i\000t\000m\000o\000\040\000v\000a\000r\000i\000a\000n\000t\001\163\000\040\000e\000f\000e\000k\000t\000y\000v\000u\000m\000o\000\040\000t\000y\000r\000i\000m\000a\000s\000,\000\040\000k\000a\000i\000\040\000N\000\040\0001\0000\0000\0000\0000\0000}{section.7}% 19
\BOOKMARK [3][-]{subsubsection.7.3.1}{\376\377\000T\000y\000r\000i\000m\000o\000\040\000r\000e\000z\000u\000l\000t\000a\000t\000a\000i}{subsection.7.3}% 20
\BOOKMARK [2][-]{subsection.7.4}{\376\377\000T\000y\000r\000i\000m\000o\000\040\000r\000e\000z\000u\000l\000t\000a\000t\001\163\000\040\000a\000p\000i\000b\000e\000n\000d\000r\000i\000n\000i\000m\000a\000s}{section.7}% 21
\BOOKMARK [1][-]{section*.11}{\376\377\000I\001\141\000v\000a\000d\000o\000s}{}% 22
\BOOKMARK [1][-]{section*.12}{\376\377\000L\000i\000t\000e\000r\000a\000t\001\153\000r\000a}{}% 23
\BOOKMARK [2][-]{subsection.B.1}{\376\377\000A\000l\000g\000o\000r\000i\000t\000m\000a\000s\000\040\000A\0001}{section*.12}% 24
\BOOKMARK [2][-]{subsection.B.2}{\376\377\000A\000l\000g\000o\000r\000i\000t\000m\000a\000s\000\040\000A\0002}{section*.12}% 25
\BOOKMARK [2][-]{subsection.B.3}{\376\377\000A\000l\000g\000o\000r\000i\000t\000m\000a\000s\000\040\000A\0003}{section*.12}% 26
\BOOKMARK [2][-]{subsection.B.4}{\376\377\000A\000l\000g\000o\000r\000i\000t\000m\000a\000s\000\040\000A\0004}{section*.12}% 27
\BOOKMARK [2][-]{subsection.B.5}{\376\377\000A\000l\000g\000o\000r\000i\000t\000m\000a\000s\000\040\000A\0005}{section*.12}% 28
\BOOKMARK [2][-]{subsection.C.1}{\376\377\000A\000l\000g\000o\000r\000i\000t\000m\000a\000s\000\040\000B\0001}{section*.12}% 29
\BOOKMARK [2][-]{subsection.C.2}{\376\377\000A\000l\000g\000o\000r\000i\000t\000m\000a\000s\000\040\000B\0002}{section*.12}% 30
\BOOKMARK [2][-]{subsection.C.3}{\376\377\000A\000l\000g\000o\000r\000i\000t\000m\000a\000s\000\040\000B\0003}{section*.12}% 31
\BOOKMARK [2][-]{subsection.C.4}{\376\377\000A\000l\000g\000o\000r\000i\000t\000m\000a\000s\000\040\000B\0004}{section*.12}% 32
\BOOKMARK [2][-]{subsection.C.5}{\376\377\000A\000l\000g\000o\000r\000i\000t\000m\000a\000s\000\040\000B\0005}{section*.12}% 33
